  ConsoleEngine3D.cpp
c:\users\apc\source\repos\consoleengine3d\consoleengine3d\bitmap.h(26): warning C4661: const void Bitmap<char>::fill(const Bitmap<char> &,int,int): отсутствует подходящее определение для запроса на явное создание экземпляра шаблона
  c:\users\apc\source\repos\consoleengine3d\consoleengine3d\bitmap.h(18): note:  см. объявление "Bitmap<char>::fill"
c:\users\apc\source\repos\consoleengine3d\consoleengine3d\bitmap.h(26): warning C4661: const void Bitmap<char>::fill(const T): отсутствует подходящее определение для запроса на явное создание экземпляра шаблона
          with
          [
              T=char
          ]
  c:\users\apc\source\repos\consoleengine3d\consoleengine3d\bitmap.h(9): note:  см. объявление "Bitmap<char>::fill"
c:\users\apc\source\repos\consoleengine3d\consoleengine3d\bitmap.h(26): warning C4661: const int Bitmap<char>::getIndex(const int,const int): отсутствует подходящее определение для запроса на явное создание экземпляра шаблона
  c:\users\apc\source\repos\consoleengine3d\consoleengine3d\bitmap.h(10): note:  см. объявление "Bitmap<char>::getIndex"
c:\users\apc\source\repos\consoleengine3d\consoleengine3d\bitmap.h(26): warning C4661: Bitmap<char>::Bitmap(const int,const int,const T): отсутствует подходящее определение для запроса на явное создание экземпляра шаблона
          with
          [
              T=char
          ]
  c:\users\apc\source\repos\consoleengine3d\consoleengine3d\bitmap.h(14): note:  см. объявление "Bitmap<char>::Bitmap"
c:\users\apc\source\repos\consoleengine3d\consoleengine3d\bitmap.h(26): warning C4661: Bitmap<char>::~Bitmap(void): отсутствует подходящее определение для запроса на явное создание экземпляра шаблона
  c:\users\apc\source\repos\consoleengine3d\consoleengine3d\bitmap.h(15): note:  см. объявление "Bitmap<char>::~Bitmap"
c:\users\apc\source\repos\consoleengine3d\consoleengine3d\bitmap.h(26): warning C4661: const void Bitmap<char>::clear(void): отсутствует подходящее определение для запроса на явное создание экземпляра шаблона
  c:\users\apc\source\repos\consoleengine3d\consoleengine3d\bitmap.h(17): note:  см. объявление "Bitmap<char>::clear"
c:\users\apc\source\repos\consoleengine3d\consoleengine3d\bitmap.h(26): warning C4661: const T Bitmap<T>::get(const int): отсутствует подходящее определение для запроса на явное создание экземпляра шаблона
          with
          [
              T=char
          ]
  c:\users\apc\source\repos\consoleengine3d\consoleengine3d\bitmap.h(20): note:  см. объявление "Bitmap<char>::get"
c:\users\apc\source\repos\consoleengine3d\consoleengine3d\bitmap.h(26): warning C4661: const T Bitmap<T>::get(const int,const int): отсутствует подходящее определение для запроса на явное создание экземпляра шаблона
          with
          [
              T=char
          ]
  c:\users\apc\source\repos\consoleengine3d\consoleengine3d\bitmap.h(19): note:  см. объявление "Bitmap<char>::get"
c:\users\apc\source\repos\consoleengine3d\consoleengine3d\bitmap.h(26): warning C4661: const void Bitmap<char>::set(const T,const int): отсутствует подходящее определение для запроса на явное создание экземпляра шаблона
          with
          [
              T=char
          ]
  c:\users\apc\source\repos\consoleengine3d\consoleengine3d\bitmap.h(22): note:  см. объявление "Bitmap<char>::set"
c:\users\apc\source\repos\consoleengine3d\consoleengine3d\bitmap.h(26): warning C4661: const void Bitmap<char>::set(const T,const int,const int): отсутствует подходящее определение для запроса на явное создание экземпляра шаблона
          with
          [
              T=char
          ]
  c:\users\apc\source\repos\consoleengine3d\consoleengine3d\bitmap.h(21): note:  см. объявление "Bitmap<char>::set"
c:\users\apc\source\repos\consoleengine3d\consoleengine3d\bitmap.h(26): warning C4661: const void Bitmap<char>::operator =(const T *): отсутствует подходящее определение для запроса на явное создание экземпляра шаблона
          with
          [
              T=char
          ]
  c:\users\apc\source\repos\consoleengine3d\consoleengine3d\bitmap.h(24): note:  см. объявление "Bitmap<char>::operator ="
c:\users\apc\source\repos\consoleengine3d\consoleengine3d\bitmap.h(26): warning C4661: const void Bitmap<char>::operator =(const T): отсутствует подходящее определение для запроса на явное создание экземпляра шаблона
          with
          [
              T=char
          ]
  c:\users\apc\source\repos\consoleengine3d\consoleengine3d\bitmap.h(23): note:  см. объявление "Bitmap<char>::operator ="
c:\users\apc\source\repos\consoleengine3d\consoleengine3d\bitmap.h(27): warning C4661: const void Bitmap<int>::fill(const Bitmap<int> &,int,int): отсутствует подходящее определение для запроса на явное создание экземпляра шаблона
  c:\users\apc\source\repos\consoleengine3d\consoleengine3d\bitmap.h(18): note:  см. объявление "Bitmap<int>::fill"
c:\users\apc\source\repos\consoleengine3d\consoleengine3d\bitmap.h(27): warning C4661: const void Bitmap<int>::fill(const T): отсутствует подходящее определение для запроса на явное создание экземпляра шаблона
          with
          [
              T=int
          ]
  c:\users\apc\source\repos\consoleengine3d\consoleengine3d\bitmap.h(9): note:  см. объявление "Bitmap<int>::fill"
c:\users\apc\source\repos\consoleengine3d\consoleengine3d\bitmap.h(27): warning C4661: const int Bitmap<int>::getIndex(const int,const int): отсутствует подходящее определение для запроса на явное создание экземпляра шаблона
  c:\users\apc\source\repos\consoleengine3d\consoleengine3d\bitmap.h(10): note:  см. объявление "Bitmap<int>::getIndex"
c:\users\apc\source\repos\consoleengine3d\consoleengine3d\bitmap.h(27): warning C4661: Bitmap<int>::Bitmap(const int,const int,const T): отсутствует подходящее определение для запроса на явное создание экземпляра шаблона
          with
          [
              T=int
          ]
  c:\users\apc\source\repos\consoleengine3d\consoleengine3d\bitmap.h(14): note:  см. объявление "Bitmap<int>::Bitmap"
c:\users\apc\source\repos\consoleengine3d\consoleengine3d\bitmap.h(27): warning C4661: Bitmap<int>::~Bitmap(void): отсутствует подходящее определение для запроса на явное создание экземпляра шаблона
  c:\users\apc\source\repos\consoleengine3d\consoleengine3d\bitmap.h(15): note:  см. объявление "Bitmap<int>::~Bitmap"
c:\users\apc\source\repos\consoleengine3d\consoleengine3d\bitmap.h(27): warning C4661: const void Bitmap<int>::clear(void): отсутствует подходящее определение для запроса на явное создание экземпляра шаблона
  c:\users\apc\source\repos\consoleengine3d\consoleengine3d\bitmap.h(17): note:  см. объявление "Bitmap<int>::clear"
c:\users\apc\source\repos\consoleengine3d\consoleengine3d\bitmap.h(27): warning C4661: const T Bitmap<T>::get(const int): отсутствует подходящее определение для запроса на явное создание экземпляра шаблона
          with
          [
              T=int
          ]
  c:\users\apc\source\repos\consoleengine3d\consoleengine3d\bitmap.h(20): note:  см. объявление "Bitmap<int>::get"
c:\users\apc\source\repos\consoleengine3d\consoleengine3d\bitmap.h(27): warning C4661: const T Bitmap<T>::get(const int,const int): отсутствует подходящее определение для запроса на явное создание экземпляра шаблона
          with
          [
              T=int
          ]
  c:\users\apc\source\repos\consoleengine3d\consoleengine3d\bitmap.h(19): note:  см. объявление "Bitmap<int>::get"
c:\users\apc\source\repos\consoleengine3d\consoleengine3d\bitmap.h(27): warning C4661: const void Bitmap<int>::set(const T,const int): отсутствует подходящее определение для запроса на явное создание экземпляра шаблона
          with
          [
              T=int
          ]
  c:\users\apc\source\repos\consoleengine3d\consoleengine3d\bitmap.h(22): note:  см. объявление "Bitmap<int>::set"
c:\users\apc\source\repos\consoleengine3d\consoleengine3d\bitmap.h(27): warning C4661: const void Bitmap<int>::set(const T,const int,const int): отсутствует подходящее определение для запроса на явное создание экземпляра шаблона
          with
          [
              T=int
          ]
  c:\users\apc\source\repos\consoleengine3d\consoleengine3d\bitmap.h(21): note:  см. объявление "Bitmap<int>::set"
c:\users\apc\source\repos\consoleengine3d\consoleengine3d\bitmap.h(27): warning C4661: const void Bitmap<int>::operator =(const T *): отсутствует подходящее определение для запроса на явное создание экземпляра шаблона
          with
          [
              T=int
          ]
  c:\users\apc\source\repos\consoleengine3d\consoleengine3d\bitmap.h(24): note:  см. объявление "Bitmap<int>::operator ="
c:\users\apc\source\repos\consoleengine3d\consoleengine3d\bitmap.h(27): warning C4661: const void Bitmap<int>::operator =(const T): отсутствует подходящее определение для запроса на явное создание экземпляра шаблона
          with
          [
              T=int
          ]
  c:\users\apc\source\repos\consoleengine3d\consoleengine3d\bitmap.h(23): note:  см. объявление "Bitmap<int>::operator ="
c:\users\apc\source\repos\consoleengine3d\consoleengine3d\bitmap.h(28): warning C4661: const void Bitmap<float>::fill(const Bitmap<float> &,int,int): отсутствует подходящее определение для запроса на явное создание экземпляра шаблона
  c:\users\apc\source\repos\consoleengine3d\consoleengine3d\bitmap.h(18): note:  см. объявление "Bitmap<float>::fill"
c:\users\apc\source\repos\consoleengine3d\consoleengine3d\bitmap.h(28): warning C4661: const void Bitmap<float>::fill(const T): отсутствует подходящее определение для запроса на явное создание экземпляра шаблона
          with
          [
              T=float
          ]
  c:\users\apc\source\repos\consoleengine3d\consoleengine3d\bitmap.h(9): note:  см. объявление "Bitmap<float>::fill"
c:\users\apc\source\repos\consoleengine3d\consoleengine3d\bitmap.h(28): warning C4661: const int Bitmap<float>::getIndex(const int,const int): отсутствует подходящее определение для запроса на явное создание экземпляра шаблона
  c:\users\apc\source\repos\consoleengine3d\consoleengine3d\bitmap.h(10): note:  см. объявление "Bitmap<float>::getIndex"
c:\users\apc\source\repos\consoleengine3d\consoleengine3d\bitmap.h(28): warning C4661: Bitmap<float>::Bitmap(const int,const int,const T): отсутствует подходящее определение для запроса на явное создание экземпляра шаблона
          with
          [
              T=float
          ]
  c:\users\apc\source\repos\consoleengine3d\consoleengine3d\bitmap.h(14): note:  см. объявление "Bitmap<float>::Bitmap"
c:\users\apc\source\repos\consoleengine3d\consoleengine3d\bitmap.h(28): warning C4661: Bitmap<float>::~Bitmap(void): отсутствует подходящее определение для запроса на явное создание экземпляра шаблона
  c:\users\apc\source\repos\consoleengine3d\consoleengine3d\bitmap.h(15): note:  см. объявление "Bitmap<float>::~Bitmap"
c:\users\apc\source\repos\consoleengine3d\consoleengine3d\bitmap.h(28): warning C4661: const void Bitmap<float>::clear(void): отсутствует подходящее определение для запроса на явное создание экземпляра шаблона
  c:\users\apc\source\repos\consoleengine3d\consoleengine3d\bitmap.h(17): note:  см. объявление "Bitmap<float>::clear"
c:\users\apc\source\repos\consoleengine3d\consoleengine3d\bitmap.h(28): warning C4661: const T Bitmap<T>::get(const int): отсутствует подходящее определение для запроса на явное создание экземпляра шаблона
          with
          [
              T=float
          ]
  c:\users\apc\source\repos\consoleengine3d\consoleengine3d\bitmap.h(20): note:  см. объявление "Bitmap<float>::get"
c:\users\apc\source\repos\consoleengine3d\consoleengine3d\bitmap.h(28): warning C4661: const T Bitmap<T>::get(const int,const int): отсутствует подходящее определение для запроса на явное создание экземпляра шаблона
          with
          [
              T=float
          ]
  c:\users\apc\source\repos\consoleengine3d\consoleengine3d\bitmap.h(19): note:  см. объявление "Bitmap<float>::get"
c:\users\apc\source\repos\consoleengine3d\consoleengine3d\bitmap.h(28): warning C4661: const void Bitmap<float>::set(const T,const int): отсутствует подходящее определение для запроса на явное создание экземпляра шаблона
          with
          [
              T=float
          ]
  c:\users\apc\source\repos\consoleengine3d\consoleengine3d\bitmap.h(22): note:  см. объявление "Bitmap<float>::set"
c:\users\apc\source\repos\consoleengine3d\consoleengine3d\bitmap.h(28): warning C4661: const void Bitmap<float>::set(const T,const int,const int): отсутствует подходящее определение для запроса на явное создание экземпляра шаблона
          with
          [
              T=float
          ]
  c:\users\apc\source\repos\consoleengine3d\consoleengine3d\bitmap.h(21): note:  см. объявление "Bitmap<float>::set"
c:\users\apc\source\repos\consoleengine3d\consoleengine3d\bitmap.h(28): warning C4661: const void Bitmap<float>::operator =(const T *): отсутствует подходящее определение для запроса на явное создание экземпляра шаблона
          with
          [
              T=float
          ]
  c:\users\apc\source\repos\consoleengine3d\consoleengine3d\bitmap.h(24): note:  см. объявление "Bitmap<float>::operator ="
c:\users\apc\source\repos\consoleengine3d\consoleengine3d\bitmap.h(28): warning C4661: const void Bitmap<float>::operator =(const T): отсутствует подходящее определение для запроса на явное создание экземпляра шаблона
          with
          [
              T=float
          ]
  c:\users\apc\source\repos\consoleengine3d\consoleengine3d\bitmap.h(23): note:  см. объявление "Bitmap<float>::operator ="
  ConsoleEngine3D.vcxproj -> C:\Users\APC\source\repos\ConsoleEngine3D\Debug\ConsoleEngine3D.exe
